{"name": "test_sum1", "status": "failed", "statusDetails": {"message": "AssertionError: assert (2 + 3) == 6", "trace": "def test_sum1():\n>       assert 2 + 3 == 6\nE       assert (2 + 3) == 6\n\nTest_example.py:5: AssertionError"}, "start": 1763539193623, "stop": 1763539193624, "uuid": "02c31f90-63fb-4c45-a375-76c4984e3846", "historyId": "891017c88928cb94779a1d07825bb7ae", "testCaseId": "891017c88928cb94779a1d07825bb7ae", "fullName": "Test_example#test_sum1", "labels": [{"name": "suite", "value": "Test_example"}, {"name": "host", "value": "DESKTOP-UKUIFPN"}, {"name": "thread", "value": "19880-MainThread"}, {"name": "framework", "value": "pytest"}, {"name": "language", "value": "cpython3"}, {"name": "package", "value": "Test_example"}], "titlePath": ["Test_example.py"]}