{"name": "test_sum1", "status": "failed", "statusDetails": {"message": "AssertionError: assert (2 + 3) == 6", "trace": "def test_sum1():\n>       assert 2 + 3 == 6\nE       assert (2 + 3) == 6\n\ntest_example.py:5: AssertionError"}, "start": 1763539177618, "stop": 1763539177618, "uuid": "c59df0e2-3cd2-40ab-965a-56eb44947462", "historyId": "ebd31c0a32f3eb1ba52f8002b3c5d500", "testCaseId": "ebd31c0a32f3eb1ba52f8002b3c5d500", "fullName": "test_example#test_sum1", "labels": [{"name": "suite", "value": "test_example"}, {"name": "host", "value": "DESKTOP-UKUIFPN"}, {"name": "thread", "value": "15432-MainThread"}, {"name": "framework", "value": "pytest"}, {"name": "language", "value": "cpython3"}, {"name": "package", "value": "test_example"}], "titlePath": ["test_example.py"]}